{
    "application": "Default",
    "benchmark": "Graph 500",
    "appScale": {
    		"bench": "seq-csr",
        "scale": 15,
        "edgeFactor": 16,
        "processes": 1,
        "threads": 1
    },
    "appConfig": {
        "testFile": "NA",
        "exeCommand": "./main.pisa.nls -s 15 -e 16 ",
        "compilerOptimization": "O3 loop-vectorize mllvm force-vector-width=16",
        "compilerVectorization": "disabled",
        "ilpCtrlSerialized": "disabled",
        "branchEntropyAll": "yes",
        "branchEntropyCond": "no",
        "libraryCommit": "77c8edf40959e9662fec8dc899c1792132028ccf"
    },
    "time": "2016-04-05 22:48:05",
    "threads": [
        {
            "instructionMix": {
                "instructions_analyzed": 3749155979,
                "load_instructions": [
                    {
                        "total_instructions": 420879559,
                        "mix": [
                            {
                                "vector_size": 1,
                                "float_16bits": 0,
                                "float_32bits": 0,
                                "float_64bits": 2391,
                                "float_80bits": 0,
                                "float_128bits": 0,
                                "float_128bits_powerpc": 0,
                                "float_64bits_mmx": 0,
                                "int_4bits": 0,
                                "int_8bits": 0,
                                "int_16bits": 0,
                                "int_32bits": 66565,
                                "int_64bits": 412786939,
                                "int_misc": 2,
                                "struct_type": 0,
                                "array_type": 0,
                                "pointer_type": 93860,
                                "instructions": 412949757
                            },
                            {
                                "vector_size": 2,
                                "float_16bits": 0,
                                "float_32bits": 0,
                                "float_64bits": 0,
                                "float_80bits": 0,
                                "float_128bits": 0,
                                "float_128bits_powerpc": 0,
                                "float_64bits_mmx": 0,
                                "int_4bits": 0,
                                "int_8bits": 0,
                                "int_16bits": 0,
                                "int_32bits": 0,
                                "int_64bits": 7929790,
                                "int_misc": 0,
                                "struct_type": 0,
                                "array_type": 0,
                                "pointer_type": 0,
                                "instructions": 7929790
                            },
                            {
                                "vector_size": 16,
                                "float_16bits": 0,
                                "float_32bits": 0,
                                "float_64bits": 4,
                                "float_80bits": 0,
                                "float_128bits": 0,
                                "float_128bits_powerpc": 0,
                                "float_64bits_mmx": 0,
                                "int_4bits": 0,
                                "int_8bits": 0,
                                "int_16bits": 0,
                                "int_32bits": 0,
                                "int_64bits": 8,
                                "int_misc": 0,
                                "struct_type": 0,
                                "array_type": 0,
                                "pointer_type": 0,
                                "instructions": 12
                            }
                        ],
                        "scalar_instructions": 412949757,
                        "vector_instructions": 7929802,
                        "misc_instructions": 0
                    }
                ],
                "store_instructions": [
                    {
                        "total_instructions": 54283503,
                        "mix": [
                            {
                                "vector_size": 1,
                                "float_16bits": 0,
                                "float_32bits": 0,
                                "float_64bits": 92,
                                "float_80bits": 0,
                                "float_128bits": 0,
                                "float_128bits_powerpc": 0,
                                "float_64bits_mmx": 0,
                                "int_4bits": 0,
                                "int_8bits": 0,
                                "int_16bits": 0,
                                "int_32bits": 1048369,
                                "int_64bits": 45173581,
                                "int_misc": 1,
                                "struct_type": 0,
                                "array_type": 0,
                                "pointer_type": 590,
                                "instructions": 46222633
                            },
                            {
                                "vector_size": 2,
                                "float_16bits": 0,
                                "float_32bits": 0,
                                "float_64bits": 0,
                                "float_80bits": 0,
                                "float_128bits": 0,
                                "float_128bits_powerpc": 0,
                                "float_64bits_mmx": 0,
                                "int_4bits": 0,
                                "int_8bits": 0,
                                "int_16bits": 0,
                                "int_32bits": 0,
                                "int_64bits": 7929790,
                                "int_misc": 0,
                                "struct_type": 0,
                                "array_type": 0,
                                "pointer_type": 0,
                                "instructions": 7929790
                            },
                            {
                                "vector_size": 16,
                                "float_16bits": 0,
                                "float_32bits": 0,
                                "float_64bits": 8,
                                "float_80bits": 0,
                                "float_128bits": 0,
                                "float_128bits_powerpc": 0,
                                "float_64bits_mmx": 0,
                                "int_4bits": 0,
                                "int_8bits": 0,
                                "int_16bits": 0,
                                "int_32bits": 0,
                                "int_64bits": 131072,
                                "int_misc": 0,
                                "struct_type": 0,
                                "array_type": 0,
                                "pointer_type": 0,
                                "instructions": 131080
                            }
                        ],
                        "scalar_instructions": 46222633,
                        "vector_instructions": 8060870,
                        "misc_instructions": 0
                    }
                ],
                "atomic_memory_instructions": 0,
                "atomic_memory_cmpxchg_instructions": 0,
                "atomic_memory_rmw_instructions": 0,
                "int_arith_instructions": 490981730,
                "int_arith_add_instructions": [
                    {
                        "total_instructions": 326921985,
                        "mix": [
                            {
                                "vector_size": 1,
                                "int_4bits": 0,
                                "int_8bits": 0,
                                "int_16bits": 0,
                                "int_32bits": 44795676,
                                "int_64bits": 281995237,
                                "int_misc": 0,
                                "struct_type": 0,
                                "array_type": 0,
                                "pointer_type": 0,
                                "instructions": 326790913
                            },
                            {
                                "vector_size": 16,
                                "int_4bits": 0,
                                "int_8bits": 0,
                                "int_16bits": 0,
                                "int_32bits": 0,
                                "int_64bits": 131072,
                                "int_misc": 0,
                                "struct_type": 0,
                                "array_type": 0,
                                "pointer_type": 0,
                                "instructions": 131072
                            }
                        ],
                        "scalar_instructions": 326790913,
                        "vector_instructions": 131072,
                        "misc_instructions": 0
                    }
                ],
                "int_arith_sub_instructions": [
                    {
                        "total_instructions": 49875727,
                        "mix": [
                            {
                                "vector_size": 1,
                                "int_4bits": 0,
                                "int_8bits": 0,
                                "int_16bits": 0,
                                "int_32bits": 24211,
                                "int_64bits": 49851516,
                                "int_misc": 0,
                                "struct_type": 0,
                                "array_type": 0,
                                "pointer_type": 0,
                                "instructions": 49875727
                            }
                        ],
                        "scalar_instructions": 49875727,
                        "vector_instructions": 0,
                        "misc_instructions": 0
                    }
                ],
                "int_arith_mul_instructions": [
                    {
                        "total_instructions": 61550522,
                        "mix": [
                            {
                                "vector_size": 1,
                                "int_4bits": 0,
                                "int_8bits": 0,
                                "int_16bits": 0,
                                "int_32bits": 0,
                                "int_64bits": 61550522,
                                "int_misc": 0,
                                "struct_type": 0,
                                "array_type": 0,
                                "pointer_type": 0,
                                "instructions": 61550522
                            }
                        ],
                        "scalar_instructions": 61550522,
                        "vector_instructions": 0,
                        "misc_instructions": 0
                    }
                ],
                "int_arith_udiv_instructions": [
                    {
                        "total_instructions": 0,
                        "mix": [
                            {
                                "vector_size": 1,
                                "int_4bits": 0,
                                "int_8bits": 0,
                                "int_16bits": 0,
                                "int_32bits": 0,
                                "int_64bits": 0,
                                "int_misc": 0,
                                "struct_type": 0,
                                "array_type": 0,
                                "pointer_type": 0,
                                "instructions": 0
                            }
                        ],
                        "scalar_instructions": 0,
                        "vector_instructions": 0,
                        "misc_instructions": 0
                    }
                ],
                "int_arith_sdiv_instructions": [
                    {
                        "total_instructions": 7864320,
                        "mix": [
                            {
                                "vector_size": 1,
                                "int_4bits": 0,
                                "int_8bits": 0,
                                "int_16bits": 0,
                                "int_32bits": 0,
                                "int_64bits": 7864320,
                                "int_misc": 0,
                                "struct_type": 0,
                                "array_type": 0,
                                "pointer_type": 0,
                                "instructions": 7864320
                            }
                        ],
                        "scalar_instructions": 7864320,
                        "vector_instructions": 0,
                        "misc_instructions": 0
                    }
                ],
                "int_arith_urem_instructions": [
                    {
                        "total_instructions": 44769176,
                        "mix": [
                            {
                                "vector_size": 1,
                                "int_4bits": 0,
                                "int_8bits": 0,
                                "int_16bits": 0,
                                "int_32bits": 7864320,
                                "int_64bits": 36904856,
                                "int_misc": 0,
                                "struct_type": 0,
                                "array_type": 0,
                                "pointer_type": 0,
                                "instructions": 44769176
                            }
                        ],
                        "scalar_instructions": 44769176,
                        "vector_instructions": 0,
                        "misc_instructions": 0
                    }
                ],
                "int_arith_srem_instructions": [
                    {
                        "total_instructions": 0,
                        "mix": [
                            {
                                "vector_size": 1,
                                "int_4bits": 0,
                                "int_8bits": 0,
                                "int_16bits": 0,
                                "int_32bits": 0,
                                "int_64bits": 0,
                                "int_misc": 0,
                                "struct_type": 0,
                                "array_type": 0,
                                "pointer_type": 0,
                                "instructions": 0
                            }
                        ],
                        "scalar_instructions": 0,
                        "vector_instructions": 0,
                        "misc_instructions": 0
                    }
                ],
                "int_cmp_instructions": [
                    {
                        "total_instructions": 876786700,
                        "mix": [
                            {
                                "vector_size": 1,
                                "int_4bits": 0,
                                "int_8bits": 0,
                                "int_16bits": 0,
                                "int_32bits": 108068799,
                                "int_64bits": 768586043,
                                "int_misc": 0,
                                "struct_type": 0,
                                "array_type": 0,
                                "pointer_type": 786,
                                "instructions": 876655628
                            },
                            {
                                "vector_size": 16,
                                "int_4bits": 0,
                                "int_8bits": 0,
                                "int_16bits": 0,
                                "int_32bits": 0,
                                "int_64bits": 131072,
                                "int_misc": 0,
                                "struct_type": 0,
                                "array_type": 0,
                                "pointer_type": 0,
                                "instructions": 131072
                            }
                        ],
                        "scalar_instructions": 876655628,
                        "vector_instructions": 131072,
                        "misc_instructions": 0
                    }
                ],
                "fp_arith_instructions": 124622,
                "fp_arith_add_instructions": [
                    {
                        "total_instructions": 33555,
                        "mix": [
                            {
                                "vector_size": 1,
                                "float_16bits": 0,
                                "float_32bits": 0,
                                "float_64bits": 32799,
                                "float_80bits": 756,
                                "float_128bits": 0,
                                "float_128bits_powerpc": 0,
                                "float_64bits_mmx": 0,
                                "struct_type": 0,
                                "array_type": 0,
                                "pointer_type": 0,
                                "instructions": 33555
                            }
                        ],
                        "scalar_instructions": 33555,
                        "vector_instructions": 0,
                        "misc_instructions": 0
                    }
                ],
                "fp_arith_sub_instructions": [
                    {
                        "total_instructions": 516,
                        "mix": [
                            {
                                "vector_size": 1,
                                "float_16bits": 0,
                                "float_32bits": 0,
                                "float_64bits": 132,
                                "float_80bits": 384,
                                "float_128bits": 0,
                                "float_128bits_powerpc": 0,
                                "float_64bits_mmx": 0,
                                "struct_type": 0,
                                "array_type": 0,
                                "pointer_type": 0,
                                "instructions": 516
                            }
                        ],
                        "scalar_instructions": 516,
                        "vector_instructions": 0,
                        "misc_instructions": 0
                    }
                ],
                "fp_arith_mul_instructions": [
                    {
                        "total_instructions": 90147,
                        "mix": [
                            {
                                "vector_size": 1,
                                "float_16bits": 0,
                                "float_32bits": 0,
                                "float_64bits": 89763,
                                "float_80bits": 384,
                                "float_128bits": 0,
                                "float_128bits_powerpc": 0,
                                "float_64bits_mmx": 0,
                                "struct_type": 0,
                                "array_type": 0,
                                "pointer_type": 0,
                                "instructions": 90147
                            }
                        ],
                        "scalar_instructions": 90147,
                        "vector_instructions": 0,
                        "misc_instructions": 0
                    }
                ],
                "fp_arith_div_instructions": [
                    {
                        "total_instructions": 404,
                        "mix": [
                            {
                                "vector_size": 1,
                                "float_16bits": 0,
                                "float_32bits": 0,
                                "float_64bits": 4,
                                "float_80bits": 396,
                                "float_128bits": 0,
                                "float_128bits_powerpc": 0,
                                "float_64bits_mmx": 0,
                                "struct_type": 0,
                                "array_type": 0,
                                "pointer_type": 0,
                                "instructions": 400
                            },
                            {
                                "vector_size": 16,
                                "float_16bits": 0,
                                "float_32bits": 0,
                                "float_64bits": 4,
                                "float_80bits": 0,
                                "float_128bits": 0,
                                "float_128bits_powerpc": 0,
                                "float_64bits_mmx": 0,
                                "struct_type": 0,
                                "array_type": 0,
                                "pointer_type": 0,
                                "instructions": 4
                            }
                        ],
                        "scalar_instructions": 400,
                        "vector_instructions": 4,
                        "misc_instructions": 0
                    }
                ],
                "fp_arith_rem_instructions": [
                    {
                        "total_instructions": 0,
                        "mix": [
                            {
                                "vector_size": 1,
                                "float_16bits": 0,
                                "float_32bits": 0,
                                "float_64bits": 0,
                                "float_80bits": 0,
                                "float_128bits": 0,
                                "float_128bits_powerpc": 0,
                                "float_64bits_mmx": 0,
                                "struct_type": 0,
                                "array_type": 0,
                                "pointer_type": 0,
                                "instructions": 0
                            }
                        ],
                        "scalar_instructions": 0,
                        "vector_instructions": 0,
                        "misc_instructions": 0
                    }
                ],
                "fp_cmp_instructions": [
                    {
                        "total_instructions": 26071,
                        "mix": [
                            {
                                "vector_size": 1,
                                "float_16bits": 0,
                                "float_32bits": 0,
                                "float_64bits": 26071,
                                "float_80bits": 0,
                                "float_128bits": 0,
                                "float_128bits_powerpc": 0,
                                "float_64bits_mmx": 0,
                                "struct_type": 0,
                                "array_type": 0,
                                "pointer_type": 0,
                                "instructions": 26071
                            }
                        ],
                        "scalar_instructions": 26071,
                        "vector_instructions": 0,
                        "misc_instructions": 0
                    }
                ],
                "bitwise_instructions": 354850904,
                "bitwise_and_instructions": [
                    {
                        "total_instructions": 89074334,
                        "mix": [
                            {
                                "vector_size": 1,
                                "float_16bits": 0,
                                "float_32bits": 0,
                                "float_64bits": 0,
                                "float_80bits": 0,
                                "float_128bits": 0,
                                "float_128bits_powerpc": 0,
                                "float_64bits_mmx": 0,
                                "int_4bits": 0,
                                "int_8bits": 0,
                                "int_16bits": 0,
                                "int_32bits": 7864320,
                                "int_64bits": 38207305,
                                "int_misc": 43002709,
                                "struct_type": 0,
                                "array_type": 0,
                                "pointer_type": 0,
                                "instructions": 89074334
                            }
                        ],
                        "scalar_instructions": 89074334,
                        "vector_instructions": 0,
                        "misc_instructions": 0
                    }
                ],
                "bitwise_or_instructions": [
                    {
                        "total_instructions": 188211828,
                        "mix": [
                            {
                                "vector_size": 1,
                                "float_16bits": 0,
                                "float_32bits": 0,
                                "float_64bits": 0,
                                "float_80bits": 0,
                                "float_128bits": 0,
                                "float_128bits_powerpc": 0,
                                "float_64bits_mmx": 0,
                                "int_4bits": 0,
                                "int_8bits": 0,
                                "int_16bits": 0,
                                "int_32bits": 0,
                                "int_64bits": 82946213,
                                "int_misc": 105265615,
                                "struct_type": 0,
                                "array_type": 0,
                                "pointer_type": 0,
                                "instructions": 188211828
                            }
                        ],
                        "scalar_instructions": 188211828,
                        "vector_instructions": 0,
                        "misc_instructions": 0
                    }
                ],
                "bitwise_xor_instructions": [
                    {
                        "total_instructions": 34989455,
                        "mix": [
                            {
                                "vector_size": 1,
                                "float_16bits": 0,
                                "float_32bits": 0,
                                "float_64bits": 0,
                                "float_80bits": 0,
                                "float_128bits": 0,
                                "float_128bits_powerpc": 0,
                                "float_64bits_mmx": 0,
                                "int_4bits": 0,
                                "int_8bits": 0,
                                "int_16bits": 0,
                                "int_32bits": 0,
                                "int_64bits": 0,
                                "int_misc": 34989455,
                                "struct_type": 0,
                                "array_type": 0,
                                "pointer_type": 0,
                                "instructions": 34989455
                            }
                        ],
                        "scalar_instructions": 34989455,
                        "vector_instructions": 0,
                        "misc_instructions": 0
                    }
                ],
                "bitwise_shift_left_instructions": [
                    {
                        "total_instructions": 16393942,
                        "mix": [
                            {
                                "vector_size": 1,
                                "float_16bits": 0,
                                "float_32bits": 0,
                                "float_64bits": 0,
                                "float_80bits": 0,
                                "float_128bits": 0,
                                "float_128bits_powerpc": 0,
                                "float_64bits_mmx": 0,
                                "int_4bits": 0,
                                "int_8bits": 0,
                                "int_16bits": 0,
                                "int_32bits": 0,
                                "int_64bits": 16393942,
                                "int_misc": 0,
                                "struct_type": 0,
                                "array_type": 0,
                                "pointer_type": 0,
                                "instructions": 16393942
                            }
                        ],
                        "scalar_instructions": 16393942,
                        "vector_instructions": 0,
                        "misc_instructions": 0
                    }
                ],
                "bitwise_logical_shift_right_instructions": [
                    {
                        "total_instructions": 26181339,
                        "mix": [
                            {
                                "vector_size": 1,
                                "float_16bits": 0,
                                "float_32bits": 0,
                                "float_64bits": 0,
                                "float_80bits": 0,
                                "float_128bits": 0,
                                "float_128bits_powerpc": 0,
                                "float_64bits_mmx": 0,
                                "int_4bits": 0,
                                "int_8bits": 0,
                                "int_16bits": 0,
                                "int_32bits": 7864320,
                                "int_64bits": 18284295,
                                "int_misc": 32724,
                                "struct_type": 0,
                                "array_type": 0,
                                "pointer_type": 0,
                                "instructions": 26181339
                            }
                        ],
                        "scalar_instructions": 26181339,
                        "vector_instructions": 0,
                        "misc_instructions": 0
                    }
                ],
                "bitwise_arith_shift_right_instructions": [
                    {
                        "total_instructions": 6,
                        "mix": [
                            {
                                "vector_size": 1,
                                "float_16bits": 0,
                                "float_32bits": 0,
                                "float_64bits": 0,
                                "float_80bits": 0,
                                "float_128bits": 0,
                                "float_128bits_powerpc": 0,
                                "float_64bits_mmx": 0,
                                "int_4bits": 0,
                                "int_8bits": 0,
                                "int_16bits": 0,
                                "int_32bits": 0,
                                "int_64bits": 6,
                                "int_misc": 0,
                                "struct_type": 0,
                                "array_type": 0,
                                "pointer_type": 0,
                                "instructions": 6
                            }
                        ],
                        "scalar_instructions": 6,
                        "vector_instructions": 0,
                        "misc_instructions": 0
                    }
                ],
                "conversion_instructions": 59664961,
                "conversion_trunc_instructions": [
                    {
                        "total_instructions": 7898151,
                        "mix": [
                            {
                                "vector_size": 1,
                                "int_4bits": 0,
                                "int_8bits": 0,
                                "int_16bits": 0,
                                "int_32bits": 7865427,
                                "int_64bits": 32724,
                                "int_misc": 0,
                                "struct_type": 0,
                                "array_type": 0,
                                "pointer_type": 0,
                                "instructions": 7898151
                            }
                        ],
                        "scalar_instructions": 7898151,
                        "vector_instructions": 0,
                        "misc_instructions": 0
                    }
                ],
                "conversion_zext_instructions": [
                    {
                        "total_instructions": 19658564,
                        "mix": [
                            {
                                "vector_size": 1,
                                "int_4bits": 0,
                                "int_8bits": 0,
                                "int_16bits": 0,
                                "int_32bits": 3929920,
                                "int_64bits": 15728644,
                                "int_misc": 0,
                                "struct_type": 0,
                                "array_type": 0,
                                "pointer_type": 0,
                                "instructions": 19658564
                            }
                        ],
                        "scalar_instructions": 19658564,
                        "vector_instructions": 0,
                        "misc_instructions": 0
                    }
                ],
                "conversion_sext_instructions": [
                    {
                        "total_instructions": 1566372,
                        "mix": [
                            {
                                "vector_size": 1,
                                "int_4bits": 0,
                                "int_8bits": 0,
                                "int_16bits": 0,
                                "int_32bits": 1435022,
                                "int_64bits": 278,
                                "int_misc": 0,
                                "struct_type": 0,
                                "array_type": 0,
                                "pointer_type": 0,
                                "instructions": 1435300
                            },
                            {
                                "vector_size": 16,
                                "int_4bits": 0,
                                "int_8bits": 0,
                                "int_16bits": 0,
                                "int_32bits": 0,
                                "int_64bits": 131072,
                                "int_misc": 0,
                                "struct_type": 0,
                                "array_type": 0,
                                "pointer_type": 0,
                                "instructions": 131072
                            }
                        ],
                        "scalar_instructions": 1435300,
                        "vector_instructions": 131072,
                        "misc_instructions": 0
                    }
                ],
                "conversion_fptrunc_instructions": [
                    {
                        "total_instructions": 12,
                        "mix": [
                            {
                                "vector_size": 1,
                                "float_16bits": 0,
                                "float_32bits": 0,
                                "float_64bits": 12,
                                "float_80bits": 0,
                                "float_128bits": 0,
                                "float_128bits_powerpc": 0,
                                "float_64bits_mmx": 0,
                                "struct_type": 0,
                                "array_type": 0,
                                "pointer_type": 0,
                                "instructions": 12
                            }
                        ],
                        "scalar_instructions": 12,
                        "vector_instructions": 0,
                        "misc_instructions": 0
                    }
                ],
                "conversion_fpext_instructions": [
                    {
                        "total_instructions": 768,
                        "mix": [
                            {
                                "vector_size": 1,
                                "float_16bits": 0,
                                "float_32bits": 0,
                                "float_64bits": 0,
                                "float_80bits": 768,
                                "float_128bits": 0,
                                "float_128bits_powerpc": 0,
                                "float_64bits_mmx": 0,
                                "struct_type": 0,
                                "array_type": 0,
                                "pointer_type": 0,
                                "instructions": 768
                            }
                        ],
                        "scalar_instructions": 768,
                        "vector_instructions": 0,
                        "misc_instructions": 0
                    }
                ],
                "conversion_fptoui_instructions": [
                    {
                        "total_instructions": 0,
                        "mix": [
                            {
                                "vector_size": 1,
                                "int_4bits": 0,
                                "int_8bits": 0,
                                "int_16bits": 0,
                                "int_32bits": 0,
                                "int_64bits": 0,
                                "int_misc": 0,
                                "struct_type": 0,
                                "array_type": 0,
                                "pointer_type": 0,
                                "instructions": 0
                            }
                        ],
                        "scalar_instructions": 0,
                        "vector_instructions": 0,
                        "misc_instructions": 0
                    }
                ],
                "conversion_fptosi_instructions": [
                    {
                        "total_instructions": 9,
                        "mix": [
                            {
                                "vector_size": 1,
                                "int_4bits": 0,
                                "int_8bits": 0,
                                "int_16bits": 0,
                                "int_32bits": 9,
                                "int_64bits": 0,
                                "int_misc": 0,
                                "struct_type": 0,
                                "array_type": 0,
                                "pointer_type": 0,
                                "instructions": 9
                            }
                        ],
                        "scalar_instructions": 9,
                        "vector_instructions": 0,
                        "misc_instructions": 0
                    }
                ],
                "conversion_uitofp_instructions": [
                    {
                        "total_instructions": 65448,
                        "mix": [
                            {
                                "vector_size": 1,
                                "float_16bits": 0,
                                "float_32bits": 0,
                                "float_64bits": 65448,
                                "float_80bits": 0,
                                "float_128bits": 0,
                                "float_128bits_powerpc": 0,
                                "float_64bits_mmx": 0,
                                "struct_type": 0,
                                "array_type": 0,
                                "pointer_type": 0,
                                "instructions": 65448
                            }
                        ],
                        "scalar_instructions": 65448,
                        "vector_instructions": 0,
                        "misc_instructions": 0
                    }
                ],
                "conversion_sitofp_instructions": [
                    {
                        "total_instructions": 48714,
                        "mix": [
                            {
                                "vector_size": 1,
                                "float_16bits": 0,
                                "float_32bits": 0,
                                "float_64bits": 48700,
                                "float_80bits": 6,
                                "float_128bits": 0,
                                "float_128bits_powerpc": 0,
                                "float_64bits_mmx": 0,
                                "struct_type": 0,
                                "array_type": 0,
                                "pointer_type": 0,
                                "instructions": 48706
                            },
                            {
                                "vector_size": 16,
                                "float_16bits": 0,
                                "float_32bits": 0,
                                "float_64bits": 8,
                                "float_80bits": 0,
                                "float_128bits": 0,
                                "float_128bits_powerpc": 0,
                                "float_64bits_mmx": 0,
                                "struct_type": 0,
                                "array_type": 0,
                                "pointer_type": 0,
                                "instructions": 8
                            }
                        ],
                        "scalar_instructions": 48706,
                        "vector_instructions": 8,
                        "misc_instructions": 0
                    }
                ],
                "conversion_inttoptr_instructions": [
                    {
                        "total_instructions": 0,
                        "mix": [
                            {
                                "vector_size": 1,
                                "float_16bits": 0,
                                "float_32bits": 0,
                                "float_64bits": 0,
                                "float_80bits": 0,
                                "float_128bits": 0,
                                "float_128bits_powerpc": 0,
                                "float_64bits_mmx": 0,
                                "int_4bits": 0,
                                "int_8bits": 0,
                                "int_16bits": 0,
                                "int_32bits": 0,
                                "int_64bits": 0,
                                "int_misc": 0,
                                "struct_type": 0,
                                "array_type": 0,
                                "pointer_type": 0,
                                "instructions": 0
                            }
                        ],
                        "scalar_instructions": 0,
                        "vector_instructions": 0,
                        "misc_instructions": 0
                    }
                ],
                "conversion_ptrtoint_instructions": [
                    {
                        "total_instructions": 195,
                        "mix": [
                            {
                                "vector_size": 1,
                                "float_16bits": 0,
                                "float_32bits": 0,
                                "float_64bits": 0,
                                "float_80bits": 0,
                                "float_128bits": 0,
                                "float_128bits_powerpc": 0,
                                "float_64bits_mmx": 0,
                                "struct_type": 0,
                                "array_type": 0,
                                "pointer_type": 0,
                                "instructions": 0
                            }
                        ],
                        "scalar_instructions": 0,
                        "vector_instructions": 0,
                        "misc_instructions": 0
                    }
                ],
                "conversion_bitcast_instructions": [
                    {
                        "total_instructions": 30426728,
                        "mix": [
                            {
                                "vector_size": 1,
                                "float_16bits": 0,
                                "float_32bits": 0,
                                "float_64bits": 0,
                                "float_80bits": 0,
                                "float_128bits": 0,
                                "float_128bits_powerpc": 0,
                                "float_64bits_mmx": 0,
                                "int_4bits": 0,
                                "int_8bits": 0,
                                "int_16bits": 0,
                                "int_32bits": 0,
                                "int_64bits": 0,
                                "int_misc": 32724,
                                "struct_type": 0,
                                "array_type": 0,
                                "pointer_type": 30394004,
                                "instructions": 30426728
                            }
                        ],
                        "scalar_instructions": 30426728,
                        "vector_instructions": 0,
                        "misc_instructions": 0
                    }
                ],
                "conversion_address_space_cast_instructions": [
                    {
                        "total_instructions": 0,
                        "mix": [
                            {
                                "vector_size": 1,
                                "float_16bits": 0,
                                "float_32bits": 0,
                                "float_64bits": 0,
                                "float_80bits": 0,
                                "float_128bits": 0,
                                "float_128bits_powerpc": 0,
                                "float_64bits_mmx": 0,
                                "int_4bits": 0,
                                "int_8bits": 0,
                                "int_16bits": 0,
                                "int_32bits": 0,
                                "int_64bits": 0,
                                "int_misc": 0,
                                "struct_type": 0,
                                "array_type": 0,
                                "pointer_type": 0,
                                "instructions": 0
                            }
                        ],
                        "scalar_instructions": 0,
                        "vector_instructions": 0,
                        "misc_instructions": 0
                    }
                ],
                "address_arith_instructions": 453887882,
                "address_arith_alloca_arith_instructions": 77,
                "address_arith_get_elem_ptr_arith_instructions": [
                    {
                        "total_instructions": 453887805,
                        "mix": [
                            {
                                "vector_size": 1,
                                "float_16bits": 0,
                                "float_32bits": 0,
                                "float_64bits": 0,
                                "float_80bits": 0,
                                "float_128bits": 0,
                                "float_128bits_powerpc": 0,
                                "float_64bits_mmx": 0,
                                "int_4bits": 0,
                                "int_8bits": 0,
                                "int_16bits": 0,
                                "int_32bits": 0,
                                "int_64bits": 0,
                                "int_misc": 0,
                                "struct_type": 0,
                                "array_type": 0,
                                "pointer_type": 0,
                                "instructions": 0
                            }
                        ],
                        "scalar_instructions": 0,
                        "vector_instructions": 0,
                        "misc_instructions": 453887805
                    }
                ],
                "control_instructions": 776262451,
                "control_call_instructions": 17462084,
                "control_ret_instructions": 24649306,
                "control_branch_instructions": 734150863,
                "control_switch_instructions": 198,
                "control_indirectBr_instructions": 0,
                "control_invoke_instructions": 0,
                "control_resume_instructions": 0,
                "control_unreachable_instructions": 0,
                "phi_instructions": 0,
                "sync_instructions": 0,
                "sync_fence_instructions": 0,
                "llvm_vector_instructions": 262272,
                "llvm_vector_extract_element_instructions": [
                    {
                        "total_instructions": 0,
                        "mix": [
                            {
                                "vector_size": 1,
                                "float_16bits": 0,
                                "float_32bits": 0,
                                "float_64bits": 0,
                                "float_80bits": 0,
                                "float_128bits": 0,
                                "float_128bits_powerpc": 0,
                                "float_64bits_mmx": 0,
                                "int_4bits": 0,
                                "int_8bits": 0,
                                "int_16bits": 0,
                                "int_32bits": 0,
                                "int_64bits": 0,
                                "int_misc": 0,
                                "struct_type": 0,
                                "array_type": 0,
                                "pointer_type": 0,
                                "instructions": 0
                            }
                        ],
                        "scalar_instructions": 0,
                        "vector_instructions": 0,
                        "misc_instructions": 0
                    }
                ],
                "llvm_vector_insert_element_instructions": [
                    {
                        "total_instructions": 131136,
                        "mix": [
                            {
                                "vector_size": 1,
                                "float_16bits": 0,
                                "float_32bits": 0,
                                "float_64bits": 0,
                                "float_80bits": 0,
                                "float_128bits": 0,
                                "float_128bits_powerpc": 0,
                                "float_64bits_mmx": 0,
                                "int_4bits": 0,
                                "int_8bits": 0,
                                "int_16bits": 0,
                                "int_32bits": 0,
                                "int_64bits": 0,
                                "int_misc": 0,
                                "struct_type": 0,
                                "array_type": 0,
                                "pointer_type": 0,
                                "instructions": 0
                            },
                            {
                                "vector_size": 16,
                                "float_16bits": 0,
                                "float_32bits": 0,
                                "float_64bits": 0,
                                "float_80bits": 0,
                                "float_128bits": 0,
                                "float_128bits_powerpc": 0,
                                "float_64bits_mmx": 0,
                                "int_4bits": 0,
                                "int_8bits": 0,
                                "int_16bits": 0,
                                "int_32bits": 0,
                                "int_64bits": 131136,
                                "int_misc": 0,
                                "struct_type": 0,
                                "array_type": 0,
                                "pointer_type": 0,
                                "instructions": 131136
                            }
                        ],
                        "scalar_instructions": 0,
                        "vector_instructions": 131136,
                        "misc_instructions": 0
                    }
                ],
                "llvm_vector_shuffle_vector_instructions": [
                    {
                        "total_instructions": 131136,
                        "mix": [
                            {
                                "vector_size": 1,
                                "float_16bits": 0,
                                "float_32bits": 0,
                                "float_64bits": 0,
                                "float_80bits": 0,
                                "float_128bits": 0,
                                "float_128bits_powerpc": 0,
                                "float_64bits_mmx": 0,
                                "int_4bits": 0,
                                "int_8bits": 0,
                                "int_16bits": 0,
                                "int_32bits": 0,
                                "int_64bits": 0,
                                "int_misc": 0,
                                "struct_type": 0,
                                "array_type": 0,
                                "pointer_type": 0,
                                "instructions": 0
                            },
                            {
                                "vector_size": 16,
                                "float_16bits": 0,
                                "float_32bits": 0,
                                "float_64bits": 0,
                                "float_80bits": 0,
                                "float_128bits": 0,
                                "float_128bits_powerpc": 0,
                                "float_64bits_mmx": 0,
                                "int_4bits": 0,
                                "int_8bits": 0,
                                "int_16bits": 0,
                                "int_32bits": 0,
                                "int_64bits": 131136,
                                "int_misc": 0,
                                "struct_type": 0,
                                "array_type": 0,
                                "pointer_type": 0,
                                "instructions": 131136
                            }
                        ],
                        "scalar_instructions": 0,
                        "vector_instructions": 131136,
                        "misc_instructions": 0
                    }
                ],
                "aggregate_nonvector_instructions": 0,
                "aggregate_extract_value_instructions": [
                    {
                        "total_instructions": 0,
                        "mix": [
                            {
                                "vector_size": 1,
                                "float_16bits": 0,
                                "float_32bits": 0,
                                "float_64bits": 0,
                                "float_80bits": 0,
                                "float_128bits": 0,
                                "float_128bits_powerpc": 0,
                                "float_64bits_mmx": 0,
                                "int_4bits": 0,
                                "int_8bits": 0,
                                "int_16bits": 0,
                                "int_32bits": 0,
                                "int_64bits": 0,
                                "int_misc": 0,
                                "struct_type": 0,
                                "array_type": 0,
                                "pointer_type": 0,
                                "instructions": 0
                            }
                        ],
                        "scalar_instructions": 0,
                        "vector_instructions": 0,
                        "misc_instructions": 0
                    }
                ],
                "aggregate_insert_value_instructions": [
                    {
                        "total_instructions": 0,
                        "mix": [
                            {
                                "vector_size": 1,
                                "float_16bits": 0,
                                "float_32bits": 0,
                                "float_64bits": 0,
                                "float_80bits": 0,
                                "float_128bits": 0,
                                "float_128bits_powerpc": 0,
                                "float_64bits_mmx": 0,
                                "int_4bits": 0,
                                "int_8bits": 0,
                                "int_16bits": 0,
                                "int_32bits": 0,
                                "int_64bits": 0,
                                "int_misc": 0,
                                "struct_type": 0,
                                "array_type": 0,
                                "pointer_type": 0,
                                "instructions": 0
                            }
                        ],
                        "scalar_instructions": 0,
                        "vector_instructions": 0,
                        "misc_instructions": 0
                    }
                ],
                "misc_instructions": 261145324,
                "misc_select_instructions": [
                    {
                        "total_instructions": 261145324,
                        "mix": [
                            {
                                "vector_size": 1,
                                "float_16bits": 0,
                                "float_32bits": 0,
                                "float_64bits": 0,
                                "float_80bits": 0,
                                "float_128bits": 0,
                                "float_128bits_powerpc": 0,
                                "float_64bits_mmx": 0,
                                "int_4bits": 0,
                                "int_8bits": 0,
                                "int_16bits": 0,
                                "int_32bits": 261112488,
                                "int_64bits": 32834,
                                "int_misc": 0,
                                "struct_type": 0,
                                "array_type": 0,
                                "pointer_type": 2,
                                "instructions": 261145324
                            }
                        ],
                        "scalar_instructions": 261145324,
                        "vector_instructions": 0,
                        "misc_instructions": 0
                    }
                ],
                "misc_landingpad_instructions": 0,
                "misc_va_arg_instructions": 0
            },
            "threadId": 0,
            "processId": 0,
            "dataReuseDistribution": [
                {
                    "cacheLineSize": "64",
                    "statistics": {
                        "data": [
                            [
                                0,
                                86415619
                            ],
                            [
                                1,
                                109471793
                            ],
                            [
                                2,
                                16496685
                            ],
                            [
                                4,
                                31864308
                            ],
                            [
                                8,
                                9972125
                            ],
                            [
                                16,
                                2536428
                            ],
                            [
                                32,
                                2627244
                            ],
                            [
                                64,
                                3715305
                            ],
                            [
                                128,
                                6163465
                            ],
                            [
                                256,
                                11212638
                            ],
                            [
                                512,
                                18979770
                            ],
                            [
                                1024,
                                27776237
                            ],
                            [
                                2048,
                                37985320
                            ],
                            [
                                4096,
                                42663431
                            ],
                            [
                                8192,
                                33873226
                            ],
                            [
                                16384,
                                11968933
                            ],
                            [
                                32768,
                                2299235
                            ],
                            [
                                65536,
                                1065476
                            ],
                            [
                                131072,
                                546280
                            ],
                            [
                                262144,
                                6073175
                            ],
                            [
                                524288,
                                11170489
                            ]
                        ],
                        "dataCDF": [
                            [
                                0,
                                0.1818
                            ],
                            [
                                1,
                                0.4122
                            ],
                            [
                                2,
                                0.4469
                            ],
                            [
                                4,
                                0.514
                            ],
                            [
                                8,
                                0.535
                            ],
                            [
                                16,
                                0.5403
                            ],
                            [
                                32,
                                0.5458
                            ],
                            [
                                64,
                                0.5537
                            ],
                            [
                                128,
                                0.5666
                            ],
                            [
                                256,
                                0.5902
                            ],
                            [
                                512,
                                0.6302
                            ],
                            [
                                1024,
                                0.6886
                            ],
                            [
                                2048,
                                0.7686
                            ],
                            [
                                4096,
                                0.8584
                            ],
                            [
                                8192,
                                0.9296
                            ],
                            [
                                16384,
                                0.9548
                            ],
                            [
                                32768,
                                0.9597
                            ],
                            [
                                65536,
                                0.9619
                            ],
                            [
                                131072,
                                0.9631
                            ],
                            [
                                262144,
                                0.9758
                            ],
                            [
                                524288,
                                0.9993
                            ]
                        ]
                    }
                }
            ],
            "instReuseDistribution": [

            ],
            "ilp": [
                {
                    "windowSize": "54",
                    "statistics": {
                        "span": 386185405,
                        "arithmetic_mean": 9.7081,
                        "span_mem": 292678333,
                        "arithmetic_mean_mem": 1.6234,
                        "span_int": 233993243,
                        "arithmetic_mean_int": 9.5565,
                        "span_ctrl": 134919265,
                        "arithmetic_mean_ctrl": 5.7535,
                        "span_fp": 147838,
                        "arithmetic_mean_fp": 1.0188
                    }
                }
            ],
            "registerAccesses": {
                "reads": 6569160079,
                "writes": 2775765367
            },
            "branchEntropy": {
                "entropies": [
                    {
                        "bufferSize": 1,
                        "entropy": 0.9915,
                        "mispredictionRate": 0.4456
                    },
                    {
                        "bufferSize": 2,
                        "entropy": 0.8465,
                        "mispredictionRate": 0.2736
                    },
                    {
                        "bufferSize": 3,
                        "entropy": 0.8284,
                        "mispredictionRate": 0.2612
                    },
                    {
                        "bufferSize": 4,
                        "entropy": 0.6669,
                        "mispredictionRate": 0.174
                    },
                    {
                        "bufferSize": 5,
                        "entropy": 0.6108,
                        "mispredictionRate": 0.1504
                    },
                    {
                        "bufferSize": 6,
                        "entropy": 0.5323,
                        "mispredictionRate": 0.121
                    },
                    {
                        "bufferSize": 7,
                        "entropy": 0.4567,
                        "mispredictionRate": 0.0962
                    },
                    {
                        "bufferSize": 8,
                        "entropy": 0.2239,
                        "mispredictionRate": 0.036
                    },
                    {
                        "bufferSize": 9,
                        "entropy": 0.1625,
                        "mispredictionRate": 0.0238
                    },
                    {
                        "bufferSize": 10,
                        "entropy": 0.1434,
                        "mispredictionRate": 0.0204
                    },
                    {
                        "bufferSize": 11,
                        "entropy": 0.1296,
                        "mispredictionRate": 0.018
                    },
                    {
                        "bufferSize": 12,
                        "entropy": 0.1046,
                        "mispredictionRate": 0.0138
                    },
                    {
                        "bufferSize": 13,
                        "entropy": 0.0986,
                        "mispredictionRate": 0.0128
                    },
                    {
                        "bufferSize": 14,
                        "entropy": 0.0969,
                        "mispredictionRate": 0.0126
                    },
                    {
                        "bufferSize": 15,
                        "entropy": 0.095,
                        "mispredictionRate": 0.0122
                    },
                    {
                        "bufferSize": 16,
                        "entropy": 0.094,
                        "mispredictionRate": 0.012
                    },
                    {
                        "bufferSize": 17,
                        "entropy": 0.0929,
                        "mispredictionRate": 0.0119
                    },
                    {
                        "bufferSize": 18,
                        "entropy": 0.092,
                        "mispredictionRate": 0.0118
                    },
                    {
                        "bufferSize": 19,
                        "entropy": 0.0912,
                        "mispredictionRate": 0.0116
                    },
                    {
                        "bufferSize": 20,
                        "entropy": 0.0906,
                        "mispredictionRate": 0.0116
                    },
                    {
                        "bufferSize": 21,
                        "entropy": 0.09,
                        "mispredictionRate": 0.0114
                    },
                    {
                        "bufferSize": 22,
                        "entropy": 0.0896,
                        "mispredictionRate": 0.0114
                    },
                    {
                        "bufferSize": 23,
                        "entropy": 0.0891,
                        "mispredictionRate": 0.0113
                    },
                    {
                        "bufferSize": 24,
                        "entropy": 0.0888,
                        "mispredictionRate": 0.0112
                    },
                    {
                        "bufferSize": 25,
                        "entropy": 0.0885,
                        "mispredictionRate": 0.0112
                    },
                    {
                        "bufferSize": 26,
                        "entropy": 0.0882,
                        "mispredictionRate": 0.0112
                    },
                    {
                        "bufferSize": 27,
                        "entropy": 0.0879,
                        "mispredictionRate": 0.0111
                    },
                    {
                        "bufferSize": 28,
                        "entropy": 0.0877,
                        "mispredictionRate": 0.0111
                    },
                    {
                        "bufferSize": 29,
                        "entropy": 0.0874,
                        "mispredictionRate": 0.0111
                    },
                    {
                        "bufferSize": 30,
                        "entropy": 0.0872,
                        "mispredictionRate": 0.011
                    },
                    {
                        "bufferSize": 31,
                        "entropy": 0.0869,
                        "mispredictionRate": 0.011
                    },
                    {
                        "bufferSize": 32,
                        "entropy": 0.0867,
                        "mispredictionRate": 0.0109
                    },
                    {
                        "bufferSize": 33,
                        "entropy": 0.0864,
                        "mispredictionRate": 0.0109
                    },
                    {
                        "bufferSize": 34,
                        "entropy": 0.0862,
                        "mispredictionRate": 0.0108
                    },
                    {
                        "bufferSize": 35,
                        "entropy": 0.0859,
                        "mispredictionRate": 0.0108
                    },
                    {
                        "bufferSize": 36,
                        "entropy": 0.0857,
                        "mispredictionRate": 0.0108
                    },
                    {
                        "bufferSize": 37,
                        "entropy": 0.0855,
                        "mispredictionRate": 0.0107
                    },
                    {
                        "bufferSize": 38,
                        "entropy": 0.0852,
                        "mispredictionRate": 0.0107
                    },
                    {
                        "bufferSize": 39,
                        "entropy": 0.0849,
                        "mispredictionRate": 0.0106
                    },
                    {
                        "bufferSize": 40,
                        "entropy": 0.0847,
                        "mispredictionRate": 0.0106
                    },
                    {
                        "bufferSize": 41,
                        "entropy": 0.0844,
                        "mispredictionRate": 0.0106
                    },
                    {
                        "bufferSize": 42,
                        "entropy": 0.0841,
                        "mispredictionRate": 0.0106
                    },
                    {
                        "bufferSize": 43,
                        "entropy": 0.0838,
                        "mispredictionRate": 0.0105
                    },
                    {
                        "bufferSize": 44,
                        "entropy": 0.0835,
                        "mispredictionRate": 0.0104
                    },
                    {
                        "bufferSize": 45,
                        "entropy": 0.0832,
                        "mispredictionRate": 0.0104
                    },
                    {
                        "bufferSize": 46,
                        "entropy": 0.0828,
                        "mispredictionRate": 0.0104
                    },
                    {
                        "bufferSize": 47,
                        "entropy": 0.0824,
                        "mispredictionRate": 0.0102
                    },
                    {
                        "bufferSize": 48,
                        "entropy": 0.082,
                        "mispredictionRate": 0.0102
                    },
                    {
                        "bufferSize": 49,
                        "entropy": 0.0814,
                        "mispredictionRate": 0.0101
                    },
                    {
                        "bufferSize": 50,
                        "entropy": 0.0809,
                        "mispredictionRate": 0.01
                    },
                    {
                        "bufferSize": 51,
                        "entropy": 0.0803,
                        "mispredictionRate": 0.01
                    },
                    {
                        "bufferSize": 52,
                        "entropy": 0.0797,
                        "mispredictionRate": 0.0098
                    },
                    {
                        "bufferSize": 53,
                        "entropy": 0.0789,
                        "mispredictionRate": 0.0098
                    },
                    {
                        "bufferSize": 54,
                        "entropy": 0.0782,
                        "mispredictionRate": 0.0096
                    },
                    {
                        "bufferSize": 55,
                        "entropy": 0.0772,
                        "mispredictionRate": 0.0095
                    },
                    {
                        "bufferSize": 56,
                        "entropy": 0.0763,
                        "mispredictionRate": 0.0094
                    },
                    {
                        "bufferSize": 57,
                        "entropy": 0.0752,
                        "mispredictionRate": 0.0092
                    },
                    {
                        "bufferSize": 58,
                        "entropy": 0.0742,
                        "mispredictionRate": 0.0091
                    },
                    {
                        "bufferSize": 59,
                        "entropy": 0.073,
                        "mispredictionRate": 0.0088
                    },
                    {
                        "bufferSize": 60,
                        "entropy": 0.0719,
                        "mispredictionRate": 0.0087
                    },
                    {
                        "bufferSize": 61,
                        "entropy": 0.0707,
                        "mispredictionRate": 0.0086
                    },
                    {
                        "bufferSize": 62,
                        "entropy": 0.0696,
                        "mispredictionRate": 0.0084
                    }
                ],
                "branches": 776282816,
                "bestEntropy": 0.0874,
                "bestMispredictionRate": 0.0111
            }
        }
    ]
}
 
