{
    "application": "Default",
    "benchmark": "Graph 500",
    "appScale": {
    		"bench": "seq-list",
        "scale": 15,
        "edgeFactor": 16,
        "processes": 1,
        "threads": 1
    },
    "appConfig": {
        "testFile": "NA",
        "exeCommand": "./main.pisa.nls -s 15 -e 16 ",
        "compilerOptimization": "O3 loop-vectorize mllvm force-vector-width=16",
        "compilerVectorization": "disabled",
        "ilpCtrlSerialized": "disabled",
        "branchEntropyAll": "yes",
        "branchEntropyCond": "no",
        "libraryCommit": "77c8edf40959e9662fec8dc899c1792132028ccf"
    },
    "time": "2016-04-05 22:47:47",
    "threads": [
        {
            "instructionMix": {
                "instructions_analyzed": 4214366530,
                "load_instructions": [
                    {
                        "total_instructions": 556025928,
                        "mix": [
                            {
                                "vector_size": 1,
                                "float_16bits": 0,
                                "float_32bits": 0,
                                "float_64bits": 2367,
                                "float_80bits": 0,
                                "float_128bits": 0,
                                "float_128bits_powerpc": 0,
                                "float_64bits_mmx": 0,
                                "int_4bits": 0,
                                "int_8bits": 0,
                                "int_16bits": 0,
                                "int_32bits": 66295,
                                "int_64bits": 479385707,
                                "int_misc": 0,
                                "struct_type": 0,
                                "array_type": 0,
                                "pointer_type": 68641757,
                                "instructions": 548096126
                            },
                            {
                                "vector_size": 2,
                                "float_16bits": 0,
                                "float_32bits": 0,
                                "float_64bits": 0,
                                "float_80bits": 0,
                                "float_128bits": 0,
                                "float_128bits_powerpc": 0,
                                "float_64bits_mmx": 0,
                                "int_4bits": 0,
                                "int_8bits": 0,
                                "int_16bits": 0,
                                "int_32bits": 0,
                                "int_64bits": 7929790,
                                "int_misc": 0,
                                "struct_type": 0,
                                "array_type": 0,
                                "pointer_type": 0,
                                "instructions": 7929790
                            },
                            {
                                "vector_size": 16,
                                "float_16bits": 0,
                                "float_32bits": 0,
                                "float_64bits": 4,
                                "float_80bits": 0,
                                "float_128bits": 0,
                                "float_128bits_powerpc": 0,
                                "float_64bits_mmx": 0,
                                "int_4bits": 0,
                                "int_8bits": 0,
                                "int_16bits": 0,
                                "int_32bits": 0,
                                "int_64bits": 8,
                                "int_misc": 0,
                                "struct_type": 0,
                                "array_type": 0,
                                "pointer_type": 0,
                                "instructions": 12
                            }
                        ],
                        "scalar_instructions": 548096126,
                        "vector_instructions": 7929802,
                        "misc_instructions": 0
                    }
                ],
                "store_instructions": [
                    {
                        "total_instructions": 52021028,
                        "mix": [
                            {
                                "vector_size": 1,
                                "float_16bits": 0,
                                "float_32bits": 0,
                                "float_64bits": 92,
                                "float_80bits": 0,
                                "float_128bits": 0,
                                "float_128bits_powerpc": 0,
                                "float_64bits_mmx": 0,
                                "int_4bits": 0,
                                "int_8bits": 0,
                                "int_16bits": 0,
                                "int_32bits": 1048165,
                                "int_64bits": 42907413,
                                "int_misc": 0,
                                "struct_type": 0,
                                "array_type": 0,
                                "pointer_type": 392,
                                "instructions": 43956062
                            },
                            {
                                "vector_size": 2,
                                "float_16bits": 0,
                                "float_32bits": 0,
                                "float_64bits": 0,
                                "float_80bits": 0,
                                "float_128bits": 0,
                                "float_128bits_powerpc": 0,
                                "float_64bits_mmx": 0,
                                "int_4bits": 0,
                                "int_8bits": 0,
                                "int_16bits": 0,
                                "int_32bits": 0,
                                "int_64bits": 7929790,
                                "int_misc": 0,
                                "struct_type": 0,
                                "array_type": 0,
                                "pointer_type": 0,
                                "instructions": 7929790
                            },
                            {
                                "vector_size": 16,
                                "float_16bits": 0,
                                "float_32bits": 0,
                                "float_64bits": 8,
                                "float_80bits": 0,
                                "float_128bits": 0,
                                "float_128bits_powerpc": 0,
                                "float_64bits_mmx": 0,
                                "int_4bits": 0,
                                "int_8bits": 0,
                                "int_16bits": 0,
                                "int_32bits": 0,
                                "int_64bits": 135168,
                                "int_misc": 0,
                                "struct_type": 0,
                                "array_type": 0,
                                "pointer_type": 0,
                                "instructions": 135176
                            }
                        ],
                        "scalar_instructions": 43956062,
                        "vector_instructions": 8064966,
                        "misc_instructions": 0
                    }
                ],
                "atomic_memory_instructions": 0,
                "atomic_memory_cmpxchg_instructions": 0,
                "atomic_memory_rmw_instructions": 0,
                "int_arith_instructions": 497646553,
                "int_arith_add_instructions": [
                    {
                        "total_instructions": 266549410,
                        "mix": [
                            {
                                "vector_size": 1,
                                "int_4bits": 0,
                                "int_8bits": 0,
                                "int_16bits": 0,
                                "int_32bits": 44795093,
                                "int_64bits": 221623245,
                                "int_misc": 0,
                                "struct_type": 0,
                                "array_type": 0,
                                "pointer_type": 0,
                                "instructions": 266418338
                            },
                            {
                                "vector_size": 16,
                                "int_4bits": 0,
                                "int_8bits": 0,
                                "int_16bits": 0,
                                "int_32bits": 0,
                                "int_64bits": 131072,
                                "int_misc": 0,
                                "struct_type": 0,
                                "array_type": 0,
                                "pointer_type": 0,
                                "instructions": 131072
                            }
                        ],
                        "scalar_instructions": 266418338,
                        "vector_instructions": 131072,
                        "misc_instructions": 0
                    }
                ],
                "int_arith_sub_instructions": [
                    {
                        "total_instructions": 49855717,
                        "mix": [
                            {
                                "vector_size": 1,
                                "int_4bits": 0,
                                "int_8bits": 0,
                                "int_16bits": 0,
                                "int_32bits": 24211,
                                "int_64bits": 49831506,
                                "int_misc": 0,
                                "struct_type": 0,
                                "array_type": 0,
                                "pointer_type": 0,
                                "instructions": 49855717
                            }
                        ],
                        "scalar_instructions": 49855717,
                        "vector_instructions": 0,
                        "misc_instructions": 0
                    }
                ],
                "int_arith_mul_instructions": [
                    {
                        "total_instructions": 61550522,
                        "mix": [
                            {
                                "vector_size": 1,
                                "int_4bits": 0,
                                "int_8bits": 0,
                                "int_16bits": 0,
                                "int_32bits": 0,
                                "int_64bits": 61550522,
                                "int_misc": 0,
                                "struct_type": 0,
                                "array_type": 0,
                                "pointer_type": 0,
                                "instructions": 61550522
                            }
                        ],
                        "scalar_instructions": 61550522,
                        "vector_instructions": 0,
                        "misc_instructions": 0
                    }
                ],
                "int_arith_udiv_instructions": [
                    {
                        "total_instructions": 0,
                        "mix": [
                            {
                                "vector_size": 1,
                                "int_4bits": 0,
                                "int_8bits": 0,
                                "int_16bits": 0,
                                "int_32bits": 0,
                                "int_64bits": 0,
                                "int_misc": 0,
                                "struct_type": 0,
                                "array_type": 0,
                                "pointer_type": 0,
                                "instructions": 0
                            }
                        ],
                        "scalar_instructions": 0,
                        "vector_instructions": 0,
                        "misc_instructions": 0
                    }
                ],
                "int_arith_sdiv_instructions": [
                    {
                        "total_instructions": 74921728,
                        "mix": [
                            {
                                "vector_size": 1,
                                "int_4bits": 0,
                                "int_8bits": 0,
                                "int_16bits": 0,
                                "int_32bits": 0,
                                "int_64bits": 74921728,
                                "int_misc": 0,
                                "struct_type": 0,
                                "array_type": 0,
                                "pointer_type": 0,
                                "instructions": 74921728
                            }
                        ],
                        "scalar_instructions": 74921728,
                        "vector_instructions": 0,
                        "misc_instructions": 0
                    }
                ],
                "int_arith_urem_instructions": [
                    {
                        "total_instructions": 44769176,
                        "mix": [
                            {
                                "vector_size": 1,
                                "int_4bits": 0,
                                "int_8bits": 0,
                                "int_16bits": 0,
                                "int_32bits": 7864320,
                                "int_64bits": 36904856,
                                "int_misc": 0,
                                "struct_type": 0,
                                "array_type": 0,
                                "pointer_type": 0,
                                "instructions": 44769176
                            }
                        ],
                        "scalar_instructions": 44769176,
                        "vector_instructions": 0,
                        "misc_instructions": 0
                    }
                ],
                "int_arith_srem_instructions": [
                    {
                        "total_instructions": 0,
                        "mix": [
                            {
                                "vector_size": 1,
                                "int_4bits": 0,
                                "int_8bits": 0,
                                "int_16bits": 0,
                                "int_32bits": 0,
                                "int_64bits": 0,
                                "int_misc": 0,
                                "struct_type": 0,
                                "array_type": 0,
                                "pointer_type": 0,
                                "instructions": 0
                            }
                        ],
                        "scalar_instructions": 0,
                        "vector_instructions": 0,
                        "misc_instructions": 0
                    }
                ],
                "int_cmp_instructions": [
                    {
                        "total_instructions": 948162562,
                        "mix": [
                            {
                                "vector_size": 1,
                                "int_4bits": 0,
                                "int_8bits": 0,
                                "int_16bits": 0,
                                "int_32bits": 108075299,
                                "int_64bits": 839955926,
                                "int_misc": 0,
                                "struct_type": 0,
                                "array_type": 0,
                                "pointer_type": 265,
                                "instructions": 948031490
                            },
                            {
                                "vector_size": 16,
                                "int_4bits": 0,
                                "int_8bits": 0,
                                "int_16bits": 0,
                                "int_32bits": 0,
                                "int_64bits": 131072,
                                "int_misc": 0,
                                "struct_type": 0,
                                "array_type": 0,
                                "pointer_type": 0,
                                "instructions": 131072
                            }
                        ],
                        "scalar_instructions": 948031490,
                        "vector_instructions": 131072,
                        "misc_instructions": 0
                    }
                ],
                "fp_arith_instructions": 124622,
                "fp_arith_add_instructions": [
                    {
                        "total_instructions": 33555,
                        "mix": [
                            {
                                "vector_size": 1,
                                "float_16bits": 0,
                                "float_32bits": 0,
                                "float_64bits": 32799,
                                "float_80bits": 756,
                                "float_128bits": 0,
                                "float_128bits_powerpc": 0,
                                "float_64bits_mmx": 0,
                                "struct_type": 0,
                                "array_type": 0,
                                "pointer_type": 0,
                                "instructions": 33555
                            }
                        ],
                        "scalar_instructions": 33555,
                        "vector_instructions": 0,
                        "misc_instructions": 0
                    }
                ],
                "fp_arith_sub_instructions": [
                    {
                        "total_instructions": 516,
                        "mix": [
                            {
                                "vector_size": 1,
                                "float_16bits": 0,
                                "float_32bits": 0,
                                "float_64bits": 132,
                                "float_80bits": 384,
                                "float_128bits": 0,
                                "float_128bits_powerpc": 0,
                                "float_64bits_mmx": 0,
                                "struct_type": 0,
                                "array_type": 0,
                                "pointer_type": 0,
                                "instructions": 516
                            }
                        ],
                        "scalar_instructions": 516,
                        "vector_instructions": 0,
                        "misc_instructions": 0
                    }
                ],
                "fp_arith_mul_instructions": [
                    {
                        "total_instructions": 90147,
                        "mix": [
                            {
                                "vector_size": 1,
                                "float_16bits": 0,
                                "float_32bits": 0,
                                "float_64bits": 89763,
                                "float_80bits": 384,
                                "float_128bits": 0,
                                "float_128bits_powerpc": 0,
                                "float_64bits_mmx": 0,
                                "struct_type": 0,
                                "array_type": 0,
                                "pointer_type": 0,
                                "instructions": 90147
                            }
                        ],
                        "scalar_instructions": 90147,
                        "vector_instructions": 0,
                        "misc_instructions": 0
                    }
                ],
                "fp_arith_div_instructions": [
                    {
                        "total_instructions": 404,
                        "mix": [
                            {
                                "vector_size": 1,
                                "float_16bits": 0,
                                "float_32bits": 0,
                                "float_64bits": 4,
                                "float_80bits": 396,
                                "float_128bits": 0,
                                "float_128bits_powerpc": 0,
                                "float_64bits_mmx": 0,
                                "struct_type": 0,
                                "array_type": 0,
                                "pointer_type": 0,
                                "instructions": 400
                            },
                            {
                                "vector_size": 16,
                                "float_16bits": 0,
                                "float_32bits": 0,
                                "float_64bits": 4,
                                "float_80bits": 0,
                                "float_128bits": 0,
                                "float_128bits_powerpc": 0,
                                "float_64bits_mmx": 0,
                                "struct_type": 0,
                                "array_type": 0,
                                "pointer_type": 0,
                                "instructions": 4
                            }
                        ],
                        "scalar_instructions": 400,
                        "vector_instructions": 4,
                        "misc_instructions": 0
                    }
                ],
                "fp_arith_rem_instructions": [
                    {
                        "total_instructions": 0,
                        "mix": [
                            {
                                "vector_size": 1,
                                "float_16bits": 0,
                                "float_32bits": 0,
                                "float_64bits": 0,
                                "float_80bits": 0,
                                "float_128bits": 0,
                                "float_128bits_powerpc": 0,
                                "float_64bits_mmx": 0,
                                "struct_type": 0,
                                "array_type": 0,
                                "pointer_type": 0,
                                "instructions": 0
                            }
                        ],
                        "scalar_instructions": 0,
                        "vector_instructions": 0,
                        "misc_instructions": 0
                    }
                ],
                "fp_cmp_instructions": [
                    {
                        "total_instructions": 26046,
                        "mix": [
                            {
                                "vector_size": 1,
                                "float_16bits": 0,
                                "float_32bits": 0,
                                "float_64bits": 26046,
                                "float_80bits": 0,
                                "float_128bits": 0,
                                "float_128bits_powerpc": 0,
                                "float_64bits_mmx": 0,
                                "struct_type": 0,
                                "array_type": 0,
                                "pointer_type": 0,
                                "instructions": 26046
                            }
                        ],
                        "scalar_instructions": 26046,
                        "vector_instructions": 0,
                        "misc_instructions": 0
                    }
                ],
                "bitwise_instructions": 417470378,
                "bitwise_and_instructions": [
                    {
                        "total_instructions": 156131744,
                        "mix": [
                            {
                                "vector_size": 1,
                                "float_16bits": 0,
                                "float_32bits": 0,
                                "float_64bits": 0,
                                "float_80bits": 0,
                                "float_128bits": 0,
                                "float_128bits_powerpc": 0,
                                "float_64bits_mmx": 0,
                                "int_4bits": 0,
                                "int_8bits": 0,
                                "int_16bits": 0,
                                "int_32bits": 7864320,
                                "int_64bits": 105264714,
                                "int_misc": 43002710,
                                "struct_type": 0,
                                "array_type": 0,
                                "pointer_type": 0,
                                "instructions": 156131744
                            }
                        ],
                        "scalar_instructions": 156131744,
                        "vector_instructions": 0,
                        "misc_instructions": 0
                    }
                ],
                "bitwise_or_instructions": [
                    {
                        "total_instructions": 186009181,
                        "mix": [
                            {
                                "vector_size": 1,
                                "float_16bits": 0,
                                "float_32bits": 0,
                                "float_64bits": 0,
                                "float_80bits": 0,
                                "float_128bits": 0,
                                "float_128bits_powerpc": 0,
                                "float_64bits_mmx": 0,
                                "int_4bits": 0,
                                "int_8bits": 0,
                                "int_16bits": 0,
                                "int_32bits": 0,
                                "int_64bits": 80739956,
                                "int_misc": 105269225,
                                "struct_type": 0,
                                "array_type": 0,
                                "pointer_type": 0,
                                "instructions": 186009181
                            }
                        ],
                        "scalar_instructions": 186009181,
                        "vector_instructions": 0,
                        "misc_instructions": 0
                    }
                ],
                "bitwise_xor_instructions": [
                    {
                        "total_instructions": 34993065,
                        "mix": [
                            {
                                "vector_size": 1,
                                "float_16bits": 0,
                                "float_32bits": 0,
                                "float_64bits": 0,
                                "float_80bits": 0,
                                "float_128bits": 0,
                                "float_128bits_powerpc": 0,
                                "float_64bits_mmx": 0,
                                "int_4bits": 0,
                                "int_8bits": 0,
                                "int_16bits": 0,
                                "int_32bits": 0,
                                "int_64bits": 0,
                                "int_misc": 34993065,
                                "struct_type": 0,
                                "array_type": 0,
                                "pointer_type": 0,
                                "instructions": 34993065
                            }
                        ],
                        "scalar_instructions": 34993065,
                        "vector_instructions": 0,
                        "misc_instructions": 0
                    }
                ],
                "bitwise_shift_left_instructions": [
                    {
                        "total_instructions": 14155043,
                        "mix": [
                            {
                                "vector_size": 1,
                                "float_16bits": 0,
                                "float_32bits": 0,
                                "float_64bits": 0,
                                "float_80bits": 0,
                                "float_128bits": 0,
                                "float_128bits_powerpc": 0,
                                "float_64bits_mmx": 0,
                                "int_4bits": 0,
                                "int_8bits": 0,
                                "int_16bits": 0,
                                "int_32bits": 0,
                                "int_64bits": 14155043,
                                "int_misc": 0,
                                "struct_type": 0,
                                "array_type": 0,
                                "pointer_type": 0,
                                "instructions": 14155043
                            }
                        ],
                        "scalar_instructions": 14155043,
                        "vector_instructions": 0,
                        "misc_instructions": 0
                    }
                ],
                "bitwise_logical_shift_right_instructions": [
                    {
                        "total_instructions": 26181339,
                        "mix": [
                            {
                                "vector_size": 1,
                                "float_16bits": 0,
                                "float_32bits": 0,
                                "float_64bits": 0,
                                "float_80bits": 0,
                                "float_128bits": 0,
                                "float_128bits_powerpc": 0,
                                "float_64bits_mmx": 0,
                                "int_4bits": 0,
                                "int_8bits": 0,
                                "int_16bits": 0,
                                "int_32bits": 7864320,
                                "int_64bits": 18284295,
                                "int_misc": 32724,
                                "struct_type": 0,
                                "array_type": 0,
                                "pointer_type": 0,
                                "instructions": 26181339
                            }
                        ],
                        "scalar_instructions": 26181339,
                        "vector_instructions": 0,
                        "misc_instructions": 0
                    }
                ],
                "bitwise_arith_shift_right_instructions": [
                    {
                        "total_instructions": 6,
                        "mix": [
                            {
                                "vector_size": 1,
                                "float_16bits": 0,
                                "float_32bits": 0,
                                "float_64bits": 0,
                                "float_80bits": 0,
                                "float_128bits": 0,
                                "float_128bits_powerpc": 0,
                                "float_64bits_mmx": 0,
                                "int_4bits": 0,
                                "int_8bits": 0,
                                "int_16bits": 0,
                                "int_32bits": 0,
                                "int_64bits": 6,
                                "int_misc": 0,
                                "struct_type": 0,
                                "array_type": 0,
                                "pointer_type": 0,
                                "instructions": 6
                            }
                        ],
                        "scalar_instructions": 6,
                        "vector_instructions": 0,
                        "misc_instructions": 0
                    }
                ],
                "conversion_instructions": 41307997,
                "conversion_trunc_instructions": [
                    {
                        "total_instructions": 7897700,
                        "mix": [
                            {
                                "vector_size": 1,
                                "int_4bits": 0,
                                "int_8bits": 0,
                                "int_16bits": 0,
                                "int_32bits": 7864976,
                                "int_64bits": 32724,
                                "int_misc": 0,
                                "struct_type": 0,
                                "array_type": 0,
                                "pointer_type": 0,
                                "instructions": 7897700
                            }
                        ],
                        "scalar_instructions": 7897700,
                        "vector_instructions": 0,
                        "misc_instructions": 0
                    }
                ],
                "conversion_zext_instructions": [
                    {
                        "total_instructions": 15728644,
                        "mix": [
                            {
                                "vector_size": 1,
                                "int_4bits": 0,
                                "int_8bits": 0,
                                "int_16bits": 0,
                                "int_32bits": 0,
                                "int_64bits": 15728644,
                                "int_misc": 0,
                                "struct_type": 0,
                                "array_type": 0,
                                "pointer_type": 0,
                                "instructions": 15728644
                            }
                        ],
                        "scalar_instructions": 15728644,
                        "vector_instructions": 0,
                        "misc_instructions": 0
                    }
                ],
                "conversion_sext_instructions": [
                    {
                        "total_instructions": 1569916,
                        "mix": [
                            {
                                "vector_size": 1,
                                "int_4bits": 0,
                                "int_8bits": 0,
                                "int_16bits": 0,
                                "int_32bits": 1438632,
                                "int_64bits": 212,
                                "int_misc": 0,
                                "struct_type": 0,
                                "array_type": 0,
                                "pointer_type": 0,
                                "instructions": 1438844
                            },
                            {
                                "vector_size": 16,
                                "int_4bits": 0,
                                "int_8bits": 0,
                                "int_16bits": 0,
                                "int_32bits": 0,
                                "int_64bits": 131072,
                                "int_misc": 0,
                                "struct_type": 0,
                                "array_type": 0,
                                "pointer_type": 0,
                                "instructions": 131072
                            }
                        ],
                        "scalar_instructions": 1438844,
                        "vector_instructions": 131072,
                        "misc_instructions": 0
                    }
                ],
                "conversion_fptrunc_instructions": [
                    {
                        "total_instructions": 12,
                        "mix": [
                            {
                                "vector_size": 1,
                                "float_16bits": 0,
                                "float_32bits": 0,
                                "float_64bits": 12,
                                "float_80bits": 0,
                                "float_128bits": 0,
                                "float_128bits_powerpc": 0,
                                "float_64bits_mmx": 0,
                                "struct_type": 0,
                                "array_type": 0,
                                "pointer_type": 0,
                                "instructions": 12
                            }
                        ],
                        "scalar_instructions": 12,
                        "vector_instructions": 0,
                        "misc_instructions": 0
                    }
                ],
                "conversion_fpext_instructions": [
                    {
                        "total_instructions": 768,
                        "mix": [
                            {
                                "vector_size": 1,
                                "float_16bits": 0,
                                "float_32bits": 0,
                                "float_64bits": 0,
                                "float_80bits": 768,
                                "float_128bits": 0,
                                "float_128bits_powerpc": 0,
                                "float_64bits_mmx": 0,
                                "struct_type": 0,
                                "array_type": 0,
                                "pointer_type": 0,
                                "instructions": 768
                            }
                        ],
                        "scalar_instructions": 768,
                        "vector_instructions": 0,
                        "misc_instructions": 0
                    }
                ],
                "conversion_fptoui_instructions": [
                    {
                        "total_instructions": 0,
                        "mix": [
                            {
                                "vector_size": 1,
                                "int_4bits": 0,
                                "int_8bits": 0,
                                "int_16bits": 0,
                                "int_32bits": 0,
                                "int_64bits": 0,
                                "int_misc": 0,
                                "struct_type": 0,
                                "array_type": 0,
                                "pointer_type": 0,
                                "instructions": 0
                            }
                        ],
                        "scalar_instructions": 0,
                        "vector_instructions": 0,
                        "misc_instructions": 0
                    }
                ],
                "conversion_fptosi_instructions": [
                    {
                        "total_instructions": 9,
                        "mix": [
                            {
                                "vector_size": 1,
                                "int_4bits": 0,
                                "int_8bits": 0,
                                "int_16bits": 0,
                                "int_32bits": 9,
                                "int_64bits": 0,
                                "int_misc": 0,
                                "struct_type": 0,
                                "array_type": 0,
                                "pointer_type": 0,
                                "instructions": 9
                            }
                        ],
                        "scalar_instructions": 9,
                        "vector_instructions": 0,
                        "misc_instructions": 0
                    }
                ],
                "conversion_uitofp_instructions": [
                    {
                        "total_instructions": 65448,
                        "mix": [
                            {
                                "vector_size": 1,
                                "float_16bits": 0,
                                "float_32bits": 0,
                                "float_64bits": 65448,
                                "float_80bits": 0,
                                "float_128bits": 0,
                                "float_128bits_powerpc": 0,
                                "float_64bits_mmx": 0,
                                "struct_type": 0,
                                "array_type": 0,
                                "pointer_type": 0,
                                "instructions": 65448
                            }
                        ],
                        "scalar_instructions": 65448,
                        "vector_instructions": 0,
                        "misc_instructions": 0
                    }
                ],
                "conversion_sitofp_instructions": [
                    {
                        "total_instructions": 48714,
                        "mix": [
                            {
                                "vector_size": 1,
                                "float_16bits": 0,
                                "float_32bits": 0,
                                "float_64bits": 48700,
                                "float_80bits": 6,
                                "float_128bits": 0,
                                "float_128bits_powerpc": 0,
                                "float_64bits_mmx": 0,
                                "struct_type": 0,
                                "array_type": 0,
                                "pointer_type": 0,
                                "instructions": 48706
                            },
                            {
                                "vector_size": 16,
                                "float_16bits": 0,
                                "float_32bits": 0,
                                "float_64bits": 8,
                                "float_80bits": 0,
                                "float_128bits": 0,
                                "float_128bits_powerpc": 0,
                                "float_64bits_mmx": 0,
                                "struct_type": 0,
                                "array_type": 0,
                                "pointer_type": 0,
                                "instructions": 8
                            }
                        ],
                        "scalar_instructions": 48706,
                        "vector_instructions": 8,
                        "misc_instructions": 0
                    }
                ],
                "conversion_inttoptr_instructions": [
                    {
                        "total_instructions": 0,
                        "mix": [
                            {
                                "vector_size": 1,
                                "float_16bits": 0,
                                "float_32bits": 0,
                                "float_64bits": 0,
                                "float_80bits": 0,
                                "float_128bits": 0,
                                "float_128bits_powerpc": 0,
                                "float_64bits_mmx": 0,
                                "int_4bits": 0,
                                "int_8bits": 0,
                                "int_16bits": 0,
                                "int_32bits": 0,
                                "int_64bits": 0,
                                "int_misc": 0,
                                "struct_type": 0,
                                "array_type": 0,
                                "pointer_type": 0,
                                "instructions": 0
                            }
                        ],
                        "scalar_instructions": 0,
                        "vector_instructions": 0,
                        "misc_instructions": 0
                    }
                ],
                "conversion_ptrtoint_instructions": [
                    {
                        "total_instructions": 129,
                        "mix": [
                            {
                                "vector_size": 1,
                                "float_16bits": 0,
                                "float_32bits": 0,
                                "float_64bits": 0,
                                "float_80bits": 0,
                                "float_128bits": 0,
                                "float_128bits_powerpc": 0,
                                "float_64bits_mmx": 0,
                                "struct_type": 0,
                                "array_type": 0,
                                "pointer_type": 0,
                                "instructions": 0
                            }
                        ],
                        "scalar_instructions": 0,
                        "vector_instructions": 0,
                        "misc_instructions": 0
                    }
                ],
                "conversion_bitcast_instructions": [
                    {
                        "total_instructions": 15996657,
                        "mix": [
                            {
                                "vector_size": 1,
                                "float_16bits": 0,
                                "float_32bits": 0,
                                "float_64bits": 0,
                                "float_80bits": 0,
                                "float_128bits": 0,
                                "float_128bits_powerpc": 0,
                                "float_64bits_mmx": 0,
                                "int_4bits": 0,
                                "int_8bits": 0,
                                "int_16bits": 0,
                                "int_32bits": 0,
                                "int_64bits": 0,
                                "int_misc": 32724,
                                "struct_type": 0,
                                "array_type": 0,
                                "pointer_type": 15963933,
                                "instructions": 15996657
                            }
                        ],
                        "scalar_instructions": 15996657,
                        "vector_instructions": 0,
                        "misc_instructions": 0
                    }
                ],
                "conversion_address_space_cast_instructions": [
                    {
                        "total_instructions": 0,
                        "mix": [
                            {
                                "vector_size": 1,
                                "float_16bits": 0,
                                "float_32bits": 0,
                                "float_64bits": 0,
                                "float_80bits": 0,
                                "float_128bits": 0,
                                "float_128bits_powerpc": 0,
                                "float_64bits_mmx": 0,
                                "int_4bits": 0,
                                "int_8bits": 0,
                                "int_16bits": 0,
                                "int_32bits": 0,
                                "int_64bits": 0,
                                "int_misc": 0,
                                "struct_type": 0,
                                "array_type": 0,
                                "pointer_type": 0,
                                "instructions": 0
                            }
                        ],
                        "scalar_instructions": 0,
                        "vector_instructions": 0,
                        "misc_instructions": 0
                    }
                ],
                "address_arith_instructions": 534016452,
                "address_arith_alloca_arith_instructions": 73,
                "address_arith_get_elem_ptr_arith_instructions": [
                    {
                        "total_instructions": 534016379,
                        "mix": [
                            {
                                "vector_size": 1,
                                "float_16bits": 0,
                                "float_32bits": 0,
                                "float_64bits": 0,
                                "float_80bits": 0,
                                "float_128bits": 0,
                                "float_128bits_powerpc": 0,
                                "float_64bits_mmx": 0,
                                "int_4bits": 0,
                                "int_8bits": 0,
                                "int_16bits": 0,
                                "int_32bits": 0,
                                "int_64bits": 0,
                                "int_misc": 0,
                                "struct_type": 0,
                                "array_type": 0,
                                "pointer_type": 0,
                                "instructions": 0
                            }
                        ],
                        "scalar_instructions": 0,
                        "vector_instructions": 0,
                        "misc_instructions": 534016379
                    }
                ],
                "control_instructions": 906186528,
                "control_call_instructions": 17441858,
                "control_ret_instructions": 17442066,
                "control_branch_instructions": 871302472,
                "control_switch_instructions": 132,
                "control_indirectBr_instructions": 0,
                "control_invoke_instructions": 0,
                "control_resume_instructions": 0,
                "control_unreachable_instructions": 0,
                "phi_instructions": 0,
                "sync_instructions": 0,
                "sync_fence_instructions": 0,
                "llvm_vector_instructions": 262272,
                "llvm_vector_extract_element_instructions": [
                    {
                        "total_instructions": 0,
                        "mix": [
                            {
                                "vector_size": 1,
                                "float_16bits": 0,
                                "float_32bits": 0,
                                "float_64bits": 0,
                                "float_80bits": 0,
                                "float_128bits": 0,
                                "float_128bits_powerpc": 0,
                                "float_64bits_mmx": 0,
                                "int_4bits": 0,
                                "int_8bits": 0,
                                "int_16bits": 0,
                                "int_32bits": 0,
                                "int_64bits": 0,
                                "int_misc": 0,
                                "struct_type": 0,
                                "array_type": 0,
                                "pointer_type": 0,
                                "instructions": 0
                            }
                        ],
                        "scalar_instructions": 0,
                        "vector_instructions": 0,
                        "misc_instructions": 0
                    }
                ],
                "llvm_vector_insert_element_instructions": [
                    {
                        "total_instructions": 131136,
                        "mix": [
                            {
                                "vector_size": 1,
                                "float_16bits": 0,
                                "float_32bits": 0,
                                "float_64bits": 0,
                                "float_80bits": 0,
                                "float_128bits": 0,
                                "float_128bits_powerpc": 0,
                                "float_64bits_mmx": 0,
                                "int_4bits": 0,
                                "int_8bits": 0,
                                "int_16bits": 0,
                                "int_32bits": 0,
                                "int_64bits": 0,
                                "int_misc": 0,
                                "struct_type": 0,
                                "array_type": 0,
                                "pointer_type": 0,
                                "instructions": 0
                            },
                            {
                                "vector_size": 16,
                                "float_16bits": 0,
                                "float_32bits": 0,
                                "float_64bits": 0,
                                "float_80bits": 0,
                                "float_128bits": 0,
                                "float_128bits_powerpc": 0,
                                "float_64bits_mmx": 0,
                                "int_4bits": 0,
                                "int_8bits": 0,
                                "int_16bits": 0,
                                "int_32bits": 0,
                                "int_64bits": 131136,
                                "int_misc": 0,
                                "struct_type": 0,
                                "array_type": 0,
                                "pointer_type": 0,
                                "instructions": 131136
                            }
                        ],
                        "scalar_instructions": 0,
                        "vector_instructions": 131136,
                        "misc_instructions": 0
                    }
                ],
                "llvm_vector_shuffle_vector_instructions": [
                    {
                        "total_instructions": 131136,
                        "mix": [
                            {
                                "vector_size": 1,
                                "float_16bits": 0,
                                "float_32bits": 0,
                                "float_64bits": 0,
                                "float_80bits": 0,
                                "float_128bits": 0,
                                "float_128bits_powerpc": 0,
                                "float_64bits_mmx": 0,
                                "int_4bits": 0,
                                "int_8bits": 0,
                                "int_16bits": 0,
                                "int_32bits": 0,
                                "int_64bits": 0,
                                "int_misc": 0,
                                "struct_type": 0,
                                "array_type": 0,
                                "pointer_type": 0,
                                "instructions": 0
                            },
                            {
                                "vector_size": 16,
                                "float_16bits": 0,
                                "float_32bits": 0,
                                "float_64bits": 0,
                                "float_80bits": 0,
                                "float_128bits": 0,
                                "float_128bits_powerpc": 0,
                                "float_64bits_mmx": 0,
                                "int_4bits": 0,
                                "int_8bits": 0,
                                "int_16bits": 0,
                                "int_32bits": 0,
                                "int_64bits": 131136,
                                "int_misc": 0,
                                "struct_type": 0,
                                "array_type": 0,
                                "pointer_type": 0,
                                "instructions": 131136
                            }
                        ],
                        "scalar_instructions": 0,
                        "vector_instructions": 131136,
                        "misc_instructions": 0
                    }
                ],
                "aggregate_nonvector_instructions": 0,
                "aggregate_extract_value_instructions": [
                    {
                        "total_instructions": 0,
                        "mix": [
                            {
                                "vector_size": 1,
                                "float_16bits": 0,
                                "float_32bits": 0,
                                "float_64bits": 0,
                                "float_80bits": 0,
                                "float_128bits": 0,
                                "float_128bits_powerpc": 0,
                                "float_64bits_mmx": 0,
                                "int_4bits": 0,
                                "int_8bits": 0,
                                "int_16bits": 0,
                                "int_32bits": 0,
                                "int_64bits": 0,
                                "int_misc": 0,
                                "struct_type": 0,
                                "array_type": 0,
                                "pointer_type": 0,
                                "instructions": 0
                            }
                        ],
                        "scalar_instructions": 0,
                        "vector_instructions": 0,
                        "misc_instructions": 0
                    }
                ],
                "aggregate_insert_value_instructions": [
                    {
                        "total_instructions": 0,
                        "mix": [
                            {
                                "vector_size": 1,
                                "float_16bits": 0,
                                "float_32bits": 0,
                                "float_64bits": 0,
                                "float_80bits": 0,
                                "float_128bits": 0,
                                "float_128bits_powerpc": 0,
                                "float_64bits_mmx": 0,
                                "int_4bits": 0,
                                "int_8bits": 0,
                                "int_16bits": 0,
                                "int_32bits": 0,
                                "int_64bits": 0,
                                "int_misc": 0,
                                "struct_type": 0,
                                "array_type": 0,
                                "pointer_type": 0,
                                "instructions": 0
                            }
                        ],
                        "scalar_instructions": 0,
                        "vector_instructions": 0,
                        "misc_instructions": 0
                    }
                ],
                "misc_instructions": 261116164,
                "misc_select_instructions": [
                    {
                        "total_instructions": 261116164,
                        "mix": [
                            {
                                "vector_size": 1,
                                "float_16bits": 0,
                                "float_32bits": 0,
                                "float_64bits": 0,
                                "float_80bits": 0,
                                "float_128bits": 0,
                                "float_128bits_powerpc": 0,
                                "float_64bits_mmx": 0,
                                "int_4bits": 0,
                                "int_8bits": 0,
                                "int_16bits": 0,
                                "int_32bits": 261116098,
                                "int_64bits": 66,
                                "int_misc": 0,
                                "struct_type": 0,
                                "array_type": 0,
                                "pointer_type": 0,
                                "instructions": 261116164
                            }
                        ],
                        "scalar_instructions": 261116164,
                        "vector_instructions": 0,
                        "misc_instructions": 0
                    }
                ],
                "misc_landingpad_instructions": 0,
                "misc_va_arg_instructions": 0
            },
            "threadId": 0,
            "processId": 0,
            "dataReuseDistribution": [
                {
                    "cacheLineSize": "64",
                    "statistics": {
                        "data": [
                            [
                                0,
                                80778791
                            ],
                            [
                                1,
                                44560151
                            ],
                            [
                                2,
                                13426756
                            ],
                            [
                                4,
                                98033732
                            ],
                            [
                                8,
                                12010390
                            ],
                            [
                                16,
                                3139340
                            ],
                            [
                                32,
                                3045813
                            ],
                            [
                                64,
                                4593941
                            ],
                            [
                                128,
                                6665411
                            ],
                            [
                                256,
                                11076896
                            ],
                            [
                                512,
                                17640886
                            ],
                            [
                                1024,
                                25065911
                            ],
                            [
                                2048,
                                33758290
                            ],
                            [
                                4096,
                                40557652
                            ],
                            [
                                8192,
                                39311024
                            ],
                            [
                                16384,
                                22875274
                            ],
                            [
                                32768,
                                14819125
                            ],
                            [
                                65536,
                                18633073
                            ],
                            [
                                131072,
                                33300243
                            ],
                            [
                                262144,
                                74517401
                            ],
                            [
                                524288,
                                9759492
                            ]
                        ],
                        "dataCDF": [
                            [
                                0,
                                0.1328
                            ],
                            [
                                1,
                                0.2061
                            ],
                            [
                                2,
                                0.2282
                            ],
                            [
                                4,
                                0.3894
                            ],
                            [
                                8,
                                0.4091
                            ],
                            [
                                16,
                                0.4143
                            ],
                            [
                                32,
                                0.4193
                            ],
                            [
                                64,
                                0.4269
                            ],
                            [
                                128,
                                0.4378
                            ],
                            [
                                256,
                                0.4561
                            ],
                            [
                                512,
                                0.4851
                            ],
                            [
                                1024,
                                0.5263
                            ],
                            [
                                2048,
                                0.5818
                            ],
                            [
                                4096,
                                0.6485
                            ],
                            [
                                8192,
                                0.7132
                            ],
                            [
                                16384,
                                0.7508
                            ],
                            [
                                32768,
                                0.7752
                            ],
                            [
                                65536,
                                0.8058
                            ],
                            [
                                131072,
                                0.8606
                            ],
                            [
                                262144,
                                0.9831
                            ],
                            [
                                524288,
                                0.9992
                            ]
                        ]
                    }
                }
            ],
            "instReuseDistribution": [

            ],
            "ilp": [
                {
                    "windowSize": "54",
                    "statistics": {
                        "span": 454084244,
                        "arithmetic_mean": 9.281,
                        "span_mem": 297489819,
                        "arithmetic_mean_mem": 2.0439,
                        "span_int": 237344780,
                        "arithmetic_mean_int": 10.2745,
                        "span_ctrl": 138246945,
                        "arithmetic_mean_ctrl": 6.5548,
                        "span_fp": 147826,
                        "arithmetic_mean_fp": 1.0186
                    }
                }
            ],
            "registerAccesses": {
                "reads": 7125207578,
                "writes": 3050314337
            },
            "branchEntropy": {
                "entropies": [
                    {
                        "bufferSize": 1,
                        "entropy": 0.9943,
                        "mispredictionRate": 0.4558
                    },
                    {
                        "bufferSize": 2,
                        "entropy": 0.9826,
                        "mispredictionRate": 0.4226
                    },
                    {
                        "bufferSize": 3,
                        "entropy": 0.9633,
                        "mispredictionRate": 0.3876
                    },
                    {
                        "bufferSize": 4,
                        "entropy": 0.8153,
                        "mispredictionRate": 0.2526
                    },
                    {
                        "bufferSize": 5,
                        "entropy": 0.6003,
                        "mispredictionRate": 0.1462
                    },
                    {
                        "bufferSize": 6,
                        "entropy": 0.502,
                        "mispredictionRate": 0.1107
                    },
                    {
                        "bufferSize": 7,
                        "entropy": 0.3854,
                        "mispredictionRate": 0.0754
                    },
                    {
                        "bufferSize": 8,
                        "entropy": 0.2553,
                        "mispredictionRate": 0.0429
                    },
                    {
                        "bufferSize": 9,
                        "entropy": 0.207,
                        "mispredictionRate": 0.0326
                    },
                    {
                        "bufferSize": 10,
                        "entropy": 0.1819,
                        "mispredictionRate": 0.0276
                    },
                    {
                        "bufferSize": 11,
                        "entropy": 0.1698,
                        "mispredictionRate": 0.0253
                    },
                    {
                        "bufferSize": 12,
                        "entropy": 0.1571,
                        "mispredictionRate": 0.0228
                    },
                    {
                        "bufferSize": 13,
                        "entropy": 0.1501,
                        "mispredictionRate": 0.0216
                    },
                    {
                        "bufferSize": 14,
                        "entropy": 0.147,
                        "mispredictionRate": 0.021
                    },
                    {
                        "bufferSize": 15,
                        "entropy": 0.1421,
                        "mispredictionRate": 0.0202
                    },
                    {
                        "bufferSize": 16,
                        "entropy": 0.1402,
                        "mispredictionRate": 0.0198
                    },
                    {
                        "bufferSize": 17,
                        "entropy": 0.1344,
                        "mispredictionRate": 0.0188
                    },
                    {
                        "bufferSize": 18,
                        "entropy": 0.1333,
                        "mispredictionRate": 0.0186
                    },
                    {
                        "bufferSize": 19,
                        "entropy": 0.1322,
                        "mispredictionRate": 0.0184
                    },
                    {
                        "bufferSize": 20,
                        "entropy": 0.1314,
                        "mispredictionRate": 0.0182
                    },
                    {
                        "bufferSize": 21,
                        "entropy": 0.1297,
                        "mispredictionRate": 0.018
                    },
                    {
                        "bufferSize": 22,
                        "entropy": 0.129,
                        "mispredictionRate": 0.0178
                    },
                    {
                        "bufferSize": 23,
                        "entropy": 0.1286,
                        "mispredictionRate": 0.0177
                    },
                    {
                        "bufferSize": 24,
                        "entropy": 0.1282,
                        "mispredictionRate": 0.0177
                    },
                    {
                        "bufferSize": 25,
                        "entropy": 0.1271,
                        "mispredictionRate": 0.0175
                    },
                    {
                        "bufferSize": 26,
                        "entropy": 0.1267,
                        "mispredictionRate": 0.0174
                    },
                    {
                        "bufferSize": 27,
                        "entropy": 0.1264,
                        "mispredictionRate": 0.0174
                    },
                    {
                        "bufferSize": 28,
                        "entropy": 0.1261,
                        "mispredictionRate": 0.0174
                    },
                    {
                        "bufferSize": 29,
                        "entropy": 0.1252,
                        "mispredictionRate": 0.0172
                    },
                    {
                        "bufferSize": 30,
                        "entropy": 0.1249,
                        "mispredictionRate": 0.0172
                    },
                    {
                        "bufferSize": 31,
                        "entropy": 0.1246,
                        "mispredictionRate": 0.0171
                    },
                    {
                        "bufferSize": 32,
                        "entropy": 0.1243,
                        "mispredictionRate": 0.017
                    },
                    {
                        "bufferSize": 33,
                        "entropy": 0.1236,
                        "mispredictionRate": 0.0169
                    },
                    {
                        "bufferSize": 34,
                        "entropy": 0.1233,
                        "mispredictionRate": 0.0168
                    },
                    {
                        "bufferSize": 35,
                        "entropy": 0.123,
                        "mispredictionRate": 0.0168
                    },
                    {
                        "bufferSize": 36,
                        "entropy": 0.1227,
                        "mispredictionRate": 0.0168
                    },
                    {
                        "bufferSize": 37,
                        "entropy": 0.1221,
                        "mispredictionRate": 0.0167
                    },
                    {
                        "bufferSize": 38,
                        "entropy": 0.1217,
                        "mispredictionRate": 0.0166
                    },
                    {
                        "bufferSize": 39,
                        "entropy": 0.1213,
                        "mispredictionRate": 0.0166
                    },
                    {
                        "bufferSize": 40,
                        "entropy": 0.121,
                        "mispredictionRate": 0.0164
                    },
                    {
                        "bufferSize": 41,
                        "entropy": 0.1203,
                        "mispredictionRate": 0.0164
                    },
                    {
                        "bufferSize": 42,
                        "entropy": 0.1198,
                        "mispredictionRate": 0.0162
                    },
                    {
                        "bufferSize": 43,
                        "entropy": 0.1193,
                        "mispredictionRate": 0.0162
                    },
                    {
                        "bufferSize": 44,
                        "entropy": 0.1189,
                        "mispredictionRate": 0.0161
                    },
                    {
                        "bufferSize": 45,
                        "entropy": 0.1181,
                        "mispredictionRate": 0.016
                    },
                    {
                        "bufferSize": 46,
                        "entropy": 0.1174,
                        "mispredictionRate": 0.0158
                    },
                    {
                        "bufferSize": 47,
                        "entropy": 0.1168,
                        "mispredictionRate": 0.0158
                    },
                    {
                        "bufferSize": 48,
                        "entropy": 0.1162,
                        "mispredictionRate": 0.0156
                    },
                    {
                        "bufferSize": 49,
                        "entropy": 0.1153,
                        "mispredictionRate": 0.0155
                    },
                    {
                        "bufferSize": 50,
                        "entropy": 0.1143,
                        "mispredictionRate": 0.0154
                    },
                    {
                        "bufferSize": 51,
                        "entropy": 0.1135,
                        "mispredictionRate": 0.0152
                    },
                    {
                        "bufferSize": 52,
                        "entropy": 0.1126,
                        "mispredictionRate": 0.015
                    },
                    {
                        "bufferSize": 53,
                        "entropy": 0.1116,
                        "mispredictionRate": 0.0149
                    },
                    {
                        "bufferSize": 54,
                        "entropy": 0.1104,
                        "mispredictionRate": 0.0147
                    },
                    {
                        "bufferSize": 55,
                        "entropy": 0.1094,
                        "mispredictionRate": 0.0146
                    },
                    {
                        "bufferSize": 56,
                        "entropy": 0.1083,
                        "mispredictionRate": 0.0144
                    },
                    {
                        "bufferSize": 57,
                        "entropy": 0.107,
                        "mispredictionRate": 0.0142
                    },
                    {
                        "bufferSize": 58,
                        "entropy": 0.1056,
                        "mispredictionRate": 0.0139
                    },
                    {
                        "bufferSize": 59,
                        "entropy": 0.1043,
                        "mispredictionRate": 0.0137
                    },
                    {
                        "bufferSize": 60,
                        "entropy": 0.103,
                        "mispredictionRate": 0.0135
                    },
                    {
                        "bufferSize": 61,
                        "entropy": 0.1011,
                        "mispredictionRate": 0.0132
                    },
                    {
                        "bufferSize": 62,
                        "entropy": 0.0994,
                        "mispredictionRate": 0.0129
                    }
                ],
                "branches": 906186727,
                "bestEntropy": 0.1252,
                "bestMispredictionRate": 0.0172
            }
        }
    ]
}
 
